<?xml version="1.0" encoding="UTF-8"?>
<!-- Generated by org.testng.reporters.JUnitReportReporter -->
<testsuite skipped="0" hostname="LAPTOP-9O6E1R3M" name="test.AddDepositTest" tests="1" failures="0" timestamp="2022-05-29T20:55:57 EDT" time="7.040" errors="0">
  <testcase name="validUserShouldBeAbleToAddDeposit" time="7.040" classname="test.AddDepositTest"/>
  <system-out/>
</testsuite> <!-- test.AddDepositTest -->
