<?xml version="1.0" encoding="UTF-8"?>
<!-- Generated by org.testng.reporters.JUnitReportReporter -->
<testsuite skipped="0" hostname="LAPTOP-9O6E1R3M" name="test.LoginTest" tests="1" failures="0" timestamp="2022-05-26T18:46:46 EDT" time="3.496" errors="0">
  <testcase name="validUserShouldBeAbleToLogin" time="3.496" classname="test.LoginTest"/>
  <system-out/>
</testsuite> <!-- test.LoginTest -->
